<?xml version="1.0" encoding="UTF-8"?>
<!-- Generated by org.testng.reporters.JUnitReportReporter -->
<testsuite skipped="0" hostname="DESKTOP-RUD9UKL" name="com.org.FacebookExtent" tests="1" failures="0" timestamp="12 Jul 2023 01:26:47 GMT" time="53.795" errors="0">
  <testcase name="fb" time="53.795" classname="com.org.FacebookExtent"/>
</testsuite> <!-- com.org.FacebookExtent -->
