<?xml version="1.0" encoding="UTF-8"?>
<!-- Generated by org.testng.reporters.JUnitReportReporter -->
<testsuite skipped="0" hostname="DESKTOP-RUD9UKL" name="com.org.FacebookTest" tests="1" failures="0" timestamp="14 Jul 2023 00:58:07 GMT" time="132.401" errors="0">
  <testcase name="fb" time="132.401" classname="com.org.FacebookTest"/>
</testsuite> <!-- com.org.FacebookTest -->
