<?xml version="1.0" encoding="UTF-8"?>
<!-- Generated by org.testng.reporters.JUnitReportReporter -->
<testsuite skipped="0" hostname="DESKTOP-RUD9UKL" name="com.org.ExcelDataRead" tests="1" failures="0" timestamp="11 Jul 2023 01:18:54 GMT" time="4.137" errors="0">
  <testcase name="data" time="4.137" classname="com.org.ExcelDataRead"/>
</testsuite> <!-- com.org.ExcelDataRead -->
